2020-04-05 01:28:28.360 [main] INFO  com.quan.crud.util.RabbitMq - Starting RabbitMq on 192.168.0.101 with PID 9199 (started by xiaoquan in /Users/xiaoquan/IdeaProjects/CrudDemo)
2020-04-05 01:28:28.365 [main] INFO  com.quan.crud.util.RabbitMq - No active profile set, falling back to default profiles: default
2020-04-05 01:28:30.001 [main] INFO  c.a.d.s.b.a.DruidDataSourceAutoConfigure - Init DruidDataSource
2020-04-05 01:28:30.245 [main] INFO  com.alibaba.druid.pool.DruidDataSource - {dataSource-1} inited
2020-04-05 01:28:32.077 [main] INFO  com.quan.crud.util.RabbitMq - Started RabbitMq in 4.141 seconds (JVM running for 5.884)
2020-04-05 01:28:32.180 [SpringContextShutdownHook] INFO  com.alibaba.druid.pool.DruidDataSource - {dataSource-1} closed
2020-04-05 01:30:17.557 [main] INFO  com.quan.crud.util.RabbitMq - Starting RabbitMq on 192.168.0.101 with PID 9278 (started by xiaoquan in /Users/xiaoquan/IdeaProjects/CrudDemo)
2020-04-05 01:30:17.560 [main] INFO  com.quan.crud.util.RabbitMq - No active profile set, falling back to default profiles: default
2020-04-05 01:30:18.953 [main] INFO  c.a.d.s.b.a.DruidDataSourceAutoConfigure - Init DruidDataSource
2020-04-05 01:30:19.175 [main] INFO  com.alibaba.druid.pool.DruidDataSource - {dataSource-1} inited
2020-04-05 01:30:20.673 [main] INFO  com.quan.crud.util.RabbitMq - Started RabbitMq in 3.466 seconds (JVM running for 4.513)
2020-04-05 01:30:20.754 [SpringContextShutdownHook] INFO  com.alibaba.druid.pool.DruidDataSource - {dataSource-1} closed
2020-04-05 01:32:03.132 [main] INFO  com.quan.crud.util.RabbitMq - Starting RabbitMq on 192.168.0.101 with PID 9318 (started by xiaoquan in /Users/xiaoquan/IdeaProjects/CrudDemo)
2020-04-05 01:32:03.134 [main] INFO  com.quan.crud.util.RabbitMq - No active profile set, falling back to default profiles: default
2020-04-05 01:32:04.554 [main] INFO  c.a.d.s.b.a.DruidDataSourceAutoConfigure - Init DruidDataSource
2020-04-05 01:32:04.824 [main] INFO  com.alibaba.druid.pool.DruidDataSource - {dataSource-1} inited
2020-04-05 01:32:06.562 [main] INFO  com.quan.crud.util.RabbitMq - Started RabbitMq in 3.815 seconds (JVM running for 4.955)
2020-04-05 01:32:06.644 [SpringContextShutdownHook] INFO  com.alibaba.druid.pool.DruidDataSource - {dataSource-1} closed
2020-04-05 01:41:09.425 [main] INFO  com.quan.crud.CrudApplication - Starting CrudApplication on 192.168.0.101 with PID 9521 (/Users/xiaoquan/IdeaProjects/CrudDemo/target/classes started by xiaoquan in /Users/xiaoquan/IdeaProjects/CrudDemo)
2020-04-05 01:41:09.427 [main] INFO  com.quan.crud.CrudApplication - No active profile set, falling back to default profiles: default
2020-04-05 01:41:10.602 [main] INFO  org.apache.coyote.http11.Http11NioProtocol - Initializing ProtocolHandler ["http-nio-80"]
2020-04-05 01:41:10.602 [main] INFO  org.apache.catalina.core.StandardService - Starting service [Tomcat]
2020-04-05 01:41:10.602 [main] INFO  org.apache.catalina.core.StandardEngine - Starting Servlet engine: [Apache Tomcat/9.0.30]
2020-04-05 01:41:10.667 [main] INFO  o.a.c.c.ContainerBase.[Tomcat].[localhost].[/crud] - Initializing Spring embedded WebApplicationContext
2020-04-05 01:41:10.736 [main] INFO  org.apache.catalina.core.StandardService - Stopping service [Tomcat]
2020-04-05 01:44:08.357 [main] INFO  com.quan.crud.CrudApplication - Starting CrudApplication on 192.168.0.101 with PID 9600 (/Users/xiaoquan/IdeaProjects/CrudDemo/target/classes started by xiaoquan in /Users/xiaoquan/IdeaProjects/CrudDemo)
2020-04-05 01:44:08.360 [main] INFO  com.quan.crud.CrudApplication - No active profile set, falling back to default profiles: default
2020-04-05 01:44:09.843 [main] INFO  org.apache.coyote.http11.Http11NioProtocol - Initializing ProtocolHandler ["http-nio-80"]
2020-04-05 01:44:09.843 [main] INFO  org.apache.catalina.core.StandardService - Starting service [Tomcat]
2020-04-05 01:44:09.844 [main] INFO  org.apache.catalina.core.StandardEngine - Starting Servlet engine: [Apache Tomcat/9.0.30]
2020-04-05 01:44:09.927 [main] INFO  o.a.c.c.ContainerBase.[Tomcat].[localhost].[/crud] - Initializing Spring embedded WebApplicationContext
2020-04-05 01:44:09.998 [main] INFO  org.apache.catalina.core.StandardService - Stopping service [Tomcat]
2020-04-05 01:48:11.605 [main] INFO  com.quan.crud.CrudApplication - Starting CrudApplication on 192.168.0.101 with PID 9779 (/Users/xiaoquan/IdeaProjects/CrudDemo/target/classes started by xiaoquan in /Users/xiaoquan/IdeaProjects/CrudDemo)
2020-04-05 01:48:11.608 [main] INFO  com.quan.crud.CrudApplication - No active profile set, falling back to default profiles: default
2020-04-05 01:48:12.766 [main] INFO  org.apache.coyote.http11.Http11NioProtocol - Initializing ProtocolHandler ["http-nio-80"]
2020-04-05 01:48:12.767 [main] INFO  org.apache.catalina.core.StandardService - Starting service [Tomcat]
2020-04-05 01:48:12.768 [main] INFO  org.apache.catalina.core.StandardEngine - Starting Servlet engine: [Apache Tomcat/9.0.30]
2020-04-05 01:48:12.833 [main] INFO  o.a.c.c.ContainerBase.[Tomcat].[localhost].[/crud] - Initializing Spring embedded WebApplicationContext
2020-04-05 01:48:12.902 [main] INFO  org.apache.catalina.core.StandardService - Stopping service [Tomcat]
2020-04-05 13:14:38.512 [main] INFO  com.quan.crud.util.RabbitMq - Starting RabbitMq on 192.168.0.101 with PID 10712 (started by xiaoquan in /Users/xiaoquan/IdeaProjects/CrudDemo)
2020-04-05 13:14:38.515 [main] INFO  com.quan.crud.util.RabbitMq - No active profile set, falling back to default profiles: default
2020-04-05 13:14:40.002 [main] INFO  c.a.d.s.b.a.DruidDataSourceAutoConfigure - Init DruidDataSource
2020-04-05 13:14:40.241 [main] INFO  com.alibaba.druid.pool.DruidDataSource - {dataSource-1} inited
2020-04-05 13:14:41.787 [main] INFO  com.quan.crud.util.RabbitMq - Started RabbitMq in 3.602 seconds (JVM running for 4.833)
2020-04-05 13:15:42.125 [SpringContextShutdownHook] INFO  com.alibaba.druid.pool.DruidDataSource - {dataSource-1} closed
2020-04-05 13:17:32.353 [main] INFO  com.quan.crud.util.RabbitMq - Starting RabbitMq on 192.168.0.101 with PID 10778 (started by xiaoquan in /Users/xiaoquan/IdeaProjects/CrudDemo)
2020-04-05 13:17:32.357 [main] INFO  com.quan.crud.util.RabbitMq - No active profile set, falling back to default profiles: default
2020-04-05 13:17:34.083 [main] INFO  c.a.d.s.b.a.DruidDataSourceAutoConfigure - Init DruidDataSource
2020-04-05 13:17:34.332 [main] INFO  com.alibaba.druid.pool.DruidDataSource - {dataSource-1} inited
2020-04-05 13:17:36.322 [main] INFO  com.quan.crud.util.RabbitMq - Started RabbitMq in 4.326 seconds (JVM running for 5.437)
2020-04-05 13:17:46.784 [SpringContextShutdownHook] INFO  com.alibaba.druid.pool.DruidDataSource - {dataSource-1} closed
2020-04-05 13:17:56.092 [main] INFO  com.quan.crud.util.RabbitMq - Starting RabbitMq on 192.168.0.101 with PID 10791 (started by xiaoquan in /Users/xiaoquan/IdeaProjects/CrudDemo)
2020-04-05 13:17:56.096 [main] INFO  com.quan.crud.util.RabbitMq - No active profile set, falling back to default profiles: default
2020-04-05 13:17:57.548 [main] INFO  c.a.d.s.b.a.DruidDataSourceAutoConfigure - Init DruidDataSource
2020-04-05 13:17:57.756 [main] INFO  com.alibaba.druid.pool.DruidDataSource - {dataSource-1} inited
2020-04-05 13:17:59.255 [main] INFO  com.quan.crud.util.RabbitMq - Started RabbitMq in 3.471 seconds (JVM running for 4.938)
2020-04-05 13:17:59.568 [SpringContextShutdownHook] INFO  com.alibaba.druid.pool.DruidDataSource - {dataSource-1} closed
2020-04-05 13:23:30.005 [main] INFO  com.quan.crud.util.RabbitMq - Starting RabbitMq on 192.168.0.101 with PID 10903 (started by xiaoquan in /Users/xiaoquan/IdeaProjects/CrudDemo)
2020-04-05 13:23:30.009 [main] INFO  com.quan.crud.util.RabbitMq - No active profile set, falling back to default profiles: default
2020-04-05 13:23:31.600 [main] INFO  c.a.d.s.b.a.DruidDataSourceAutoConfigure - Init DruidDataSource
2020-04-05 13:23:31.808 [main] INFO  com.alibaba.druid.pool.DruidDataSource - {dataSource-1} inited
2020-04-05 13:23:33.319 [main] INFO  com.quan.crud.util.RabbitMq - Started RabbitMq in 3.662 seconds (JVM running for 4.699)
2020-04-05 13:23:33.612 [SpringContextShutdownHook] INFO  com.alibaba.druid.pool.DruidDataSource - {dataSource-1} closed
2020-04-05 13:32:26.267 [main] INFO  com.quan.crud.util.RabbitMq - Starting RabbitMq on 192.168.0.101 with PID 11096 (started by xiaoquan in /Users/xiaoquan/IdeaProjects/CrudDemo)
2020-04-05 13:32:26.270 [main] INFO  com.quan.crud.util.RabbitMq - No active profile set, falling back to default profiles: default
2020-04-05 13:32:28.110 [main] INFO  c.a.d.s.b.a.DruidDataSourceAutoConfigure - Init DruidDataSource
2020-04-05 13:32:28.340 [main] INFO  com.alibaba.druid.pool.DruidDataSource - {dataSource-1} inited
2020-04-05 13:32:30.041 [main] INFO  com.quan.crud.util.RabbitMq - Started RabbitMq in 4.057 seconds (JVM running for 5.126)
2020-04-05 13:32:30.400 [SpringContextShutdownHook] INFO  com.alibaba.druid.pool.DruidDataSource - {dataSource-1} closed
2020-04-05 13:32:47.742 [main] INFO  com.quan.crud.util.RabbitMq - Starting RabbitMq on 192.168.0.101 with PID 11106 (started by xiaoquan in /Users/xiaoquan/IdeaProjects/CrudDemo)
2020-04-05 13:32:47.745 [main] INFO  com.quan.crud.util.RabbitMq - No active profile set, falling back to default profiles: default
2020-04-05 13:32:49.132 [main] INFO  c.a.d.s.b.a.DruidDataSourceAutoConfigure - Init DruidDataSource
2020-04-05 13:32:49.330 [main] INFO  com.alibaba.druid.pool.DruidDataSource - {dataSource-1} inited
2020-04-05 13:32:50.757 [main] INFO  com.quan.crud.util.RabbitMq - Started RabbitMq in 3.356 seconds (JVM running for 4.341)
2020-04-05 13:32:51.102 [SpringContextShutdownHook] INFO  com.alibaba.druid.pool.DruidDataSource - {dataSource-1} closed
2020-04-05 13:34:28.047 [main] INFO  com.quan.crud.util.RabbitMq - Starting RabbitMq on 192.168.0.101 with PID 11142 (started by xiaoquan in /Users/xiaoquan/IdeaProjects/CrudDemo)
2020-04-05 13:34:28.050 [main] INFO  com.quan.crud.util.RabbitMq - No active profile set, falling back to default profiles: default
2020-04-05 13:34:29.727 [main] INFO  c.a.d.s.b.a.DruidDataSourceAutoConfigure - Init DruidDataSource
2020-04-05 13:34:29.951 [main] INFO  com.alibaba.druid.pool.DruidDataSource - {dataSource-1} inited
2020-04-05 13:34:31.519 [main] INFO  com.quan.crud.util.RabbitMq - Started RabbitMq in 3.742 seconds (JVM running for 4.752)
2020-04-05 13:34:31.862 [SpringContextShutdownHook] INFO  com.alibaba.druid.pool.DruidDataSource - {dataSource-1} closed
2020-04-05 13:35:11.535 [main] INFO  com.quan.crud.util.RabbitMq - Starting RabbitMq on 192.168.0.101 with PID 11162 (started by xiaoquan in /Users/xiaoquan/IdeaProjects/CrudDemo)
2020-04-05 13:35:11.538 [main] INFO  com.quan.crud.util.RabbitMq - No active profile set, falling back to default profiles: default
2020-04-05 13:35:13.010 [main] INFO  c.a.d.s.b.a.DruidDataSourceAutoConfigure - Init DruidDataSource
2020-04-05 13:35:13.233 [main] INFO  com.alibaba.druid.pool.DruidDataSource - {dataSource-1} inited
2020-04-05 13:35:14.905 [main] INFO  com.quan.crud.util.RabbitMq - Started RabbitMq in 3.673 seconds (JVM running for 4.71)
2020-04-05 13:35:15.202 [SpringContextShutdownHook] INFO  com.alibaba.druid.pool.DruidDataSource - {dataSource-1} closed
2020-04-05 13:48:02.591 [main] INFO  com.quan.crud.util.RabbitMq - Starting RabbitMq on 192.168.0.101 with PID 11407 (started by xiaoquan in /Users/xiaoquan/IdeaProjects/CrudDemo)
2020-04-05 13:48:02.594 [main] INFO  com.quan.crud.util.RabbitMq - No active profile set, falling back to default profiles: default
2020-04-05 13:48:04.210 [main] INFO  c.a.d.s.b.a.DruidDataSourceAutoConfigure - Init DruidDataSource
2020-04-05 13:48:04.456 [main] INFO  com.alibaba.druid.pool.DruidDataSource - {dataSource-1} inited
2020-04-05 13:48:06.006 [main] INFO  com.quan.crud.util.RabbitMq - Started RabbitMq in 3.8 seconds (JVM running for 4.845)
2020-04-05 13:48:06.349 [SpringContextShutdownHook] INFO  com.alibaba.druid.pool.DruidDataSource - {dataSource-1} closed
2020-04-05 13:51:27.364 [main] INFO  com.quan.crud.util.RabbitMq - Starting RabbitMq on 192.168.0.101 with PID 11482 (started by xiaoquan in /Users/xiaoquan/IdeaProjects/CrudDemo)
2020-04-05 13:51:27.367 [main] INFO  com.quan.crud.util.RabbitMq - No active profile set, falling back to default profiles: default
2020-04-05 13:51:29.013 [main] INFO  c.a.d.s.b.a.DruidDataSourceAutoConfigure - Init DruidDataSource
2020-04-05 13:51:29.233 [main] INFO  com.alibaba.druid.pool.DruidDataSource - {dataSource-1} inited
2020-04-05 13:51:30.790 [main] INFO  com.quan.crud.util.RabbitMq - Started RabbitMq in 3.706 seconds (JVM running for 4.715)
2020-04-05 13:51:31.108 [SpringContextShutdownHook] INFO  com.alibaba.druid.pool.DruidDataSource - {dataSource-1} closed
2020-04-05 13:52:37.330 [main] INFO  com.quan.crud.util.RabbitMq - Starting RabbitMq on 192.168.0.101 with PID 11516 (started by xiaoquan in /Users/xiaoquan/IdeaProjects/CrudDemo)
2020-04-05 13:52:37.333 [main] INFO  com.quan.crud.util.RabbitMq - No active profile set, falling back to default profiles: default
2020-04-05 13:52:38.831 [main] INFO  c.a.d.s.b.a.DruidDataSourceAutoConfigure - Init DruidDataSource
2020-04-05 13:52:39.047 [main] INFO  com.alibaba.druid.pool.DruidDataSource - {dataSource-1} inited
2020-04-05 13:52:40.624 [main] INFO  com.quan.crud.util.RabbitMq - Started RabbitMq in 3.643 seconds (JVM running for 4.72)
2020-04-05 13:52:40.962 [SpringContextShutdownHook] INFO  com.alibaba.druid.pool.DruidDataSource - {dataSource-1} closed
2020-04-05 13:53:00.864 [main] INFO  com.quan.crud.util.RabbitMq - Starting RabbitMq on 192.168.0.101 with PID 11532 (started by xiaoquan in /Users/xiaoquan/IdeaProjects/CrudDemo)
2020-04-05 13:53:00.867 [main] INFO  com.quan.crud.util.RabbitMq - No active profile set, falling back to default profiles: default
2020-04-05 13:53:02.397 [main] INFO  c.a.d.s.b.a.DruidDataSourceAutoConfigure - Init DruidDataSource
2020-04-05 13:53:02.616 [main] INFO  com.alibaba.druid.pool.DruidDataSource - {dataSource-1} inited
2020-04-05 13:53:04.134 [main] INFO  com.quan.crud.util.RabbitMq - Started RabbitMq in 3.615 seconds (JVM running for 4.641)
2020-04-05 13:53:04.437 [SpringContextShutdownHook] INFO  com.alibaba.druid.pool.DruidDataSource - {dataSource-1} closed
2020-04-05 13:54:42.114 [main] INFO  com.quan.crud.util.RabbitMq - Starting RabbitMq on 192.168.0.101 with PID 11569 (started by xiaoquan in /Users/xiaoquan/IdeaProjects/CrudDemo)
2020-04-05 13:54:42.119 [main] INFO  com.quan.crud.util.RabbitMq - No active profile set, falling back to default profiles: default
2020-04-05 13:54:43.667 [main] INFO  c.a.d.s.b.a.DruidDataSourceAutoConfigure - Init DruidDataSource
2020-04-05 13:54:43.886 [main] INFO  com.alibaba.druid.pool.DruidDataSource - {dataSource-1} inited
2020-04-05 13:54:45.432 [main] INFO  com.quan.crud.util.RabbitMq - Started RabbitMq in 3.667 seconds (JVM running for 4.721)
2020-04-05 13:54:45.721 [SpringContextShutdownHook] INFO  com.alibaba.druid.pool.DruidDataSource - {dataSource-1} closed
2020-04-05 13:58:49.735 [main] INFO  com.quan.crud.CrudApplication - Starting CrudApplication on 192.168.0.101 with PID 11667 (/Users/xiaoquan/IdeaProjects/CrudDemo/target/classes started by xiaoquan in /Users/xiaoquan/IdeaProjects/CrudDemo)
2020-04-05 13:58:49.737 [main] INFO  com.quan.crud.CrudApplication - No active profile set, falling back to default profiles: default
2020-04-05 13:58:50.946 [main] INFO  org.apache.coyote.http11.Http11NioProtocol - Initializing ProtocolHandler ["http-nio-80"]
2020-04-05 13:58:50.946 [main] INFO  org.apache.catalina.core.StandardService - Starting service [Tomcat]
2020-04-05 13:58:50.947 [main] INFO  org.apache.catalina.core.StandardEngine - Starting Servlet engine: [Apache Tomcat/9.0.30]
2020-04-05 13:58:51.018 [main] INFO  o.a.c.c.ContainerBase.[Tomcat].[localhost].[/crud] - Initializing Spring embedded WebApplicationContext
2020-04-05 13:58:51.203 [main] INFO  c.a.d.s.b.a.DruidDataSourceAutoConfigure - Init DruidDataSource
2020-04-05 13:58:51.312 [main] INFO  com.alibaba.druid.pool.DruidDataSource - {dataSource-1} inited
2020-04-05 13:58:52.282 [main] INFO  org.apache.coyote.http11.Http11NioProtocol - Starting ProtocolHandler ["http-nio-80"]
2020-04-05 13:58:52.315 [main] INFO  com.quan.crud.CrudApplication - Started CrudApplication in 2.839 seconds (JVM running for 3.369)
2020-04-05 13:59:30.880 [main] INFO  com.quan.crud.util.RabbitMq - Starting RabbitMq on 192.168.0.101 with PID 11686 (started by xiaoquan in /Users/xiaoquan/IdeaProjects/CrudDemo)
2020-04-05 13:59:30.883 [main] INFO  com.quan.crud.util.RabbitMq - No active profile set, falling back to default profiles: default
2020-04-05 13:59:32.290 [main] INFO  c.a.d.s.b.a.DruidDataSourceAutoConfigure - Init DruidDataSource
2020-04-05 13:59:32.496 [main] INFO  com.alibaba.druid.pool.DruidDataSource - {dataSource-1} inited
2020-04-05 13:59:34.079 [main] INFO  com.quan.crud.util.RabbitMq - Started RabbitMq in 3.498 seconds (JVM running for 4.591)
2020-04-05 13:59:35.104 [SpringContextShutdownHook] INFO  com.alibaba.druid.pool.DruidDataSource - {dataSource-1} closed
2020-04-05 14:01:28.063 [main] INFO  com.quan.crud.util.RabbitMq - Starting RabbitMq on 192.168.0.101 with PID 11729 (started by xiaoquan in /Users/xiaoquan/IdeaProjects/CrudDemo)
2020-04-05 14:01:28.069 [main] INFO  com.quan.crud.util.RabbitMq - No active profile set, falling back to default profiles: default
2020-04-05 14:01:29.548 [main] INFO  c.a.d.s.b.a.DruidDataSourceAutoConfigure - Init DruidDataSource
2020-04-05 14:01:29.747 [main] INFO  com.alibaba.druid.pool.DruidDataSource - {dataSource-1} inited
2020-04-05 14:01:31.450 [main] INFO  com.quan.crud.util.RabbitMq - Started RabbitMq in 3.814 seconds (JVM running for 4.801)
2020-04-05 14:01:33.472 [SpringContextShutdownHook] INFO  com.alibaba.druid.pool.DruidDataSource - {dataSource-1} closed
2020-04-05 14:01:48.789 [SpringContextShutdownHook] INFO  com.alibaba.druid.pool.DruidDataSource - {dataSource-1} closed
2020-04-05 14:01:52.192 [main] INFO  com.quan.crud.CrudApplication - Starting CrudApplication on 192.168.0.101 with PID 11744 (/Users/xiaoquan/IdeaProjects/CrudDemo/target/classes started by xiaoquan in /Users/xiaoquan/IdeaProjects/CrudDemo)
2020-04-05 14:01:52.194 [main] INFO  com.quan.crud.CrudApplication - No active profile set, falling back to default profiles: default
2020-04-05 14:01:53.215 [main] INFO  org.apache.coyote.http11.Http11NioProtocol - Initializing ProtocolHandler ["http-nio-80"]
2020-04-05 14:01:53.216 [main] INFO  org.apache.catalina.core.StandardService - Starting service [Tomcat]
2020-04-05 14:01:53.216 [main] INFO  org.apache.catalina.core.StandardEngine - Starting Servlet engine: [Apache Tomcat/9.0.30]
2020-04-05 14:01:53.272 [main] INFO  o.a.c.c.ContainerBase.[Tomcat].[localhost].[/crud] - Initializing Spring embedded WebApplicationContext
2020-04-05 14:01:53.440 [main] INFO  c.a.d.s.b.a.DruidDataSourceAutoConfigure - Init DruidDataSource
2020-04-05 14:01:53.530 [main] INFO  com.alibaba.druid.pool.DruidDataSource - {dataSource-1} inited
2020-04-05 14:01:54.314 [main] INFO  org.apache.coyote.http11.Http11NioProtocol - Starting ProtocolHandler ["http-nio-80"]
2020-04-05 14:01:54.340 [main] INFO  com.quan.crud.CrudApplication - Started CrudApplication in 2.415 seconds (JVM running for 2.931)
2020-04-05 14:02:11.502 [main] INFO  com.quan.crud.util.RabbitMq - Starting RabbitMq on 192.168.0.101 with PID 11752 (started by xiaoquan in /Users/xiaoquan/IdeaProjects/CrudDemo)
2020-04-05 14:02:11.505 [main] INFO  com.quan.crud.util.RabbitMq - No active profile set, falling back to default profiles: default
2020-04-05 14:02:12.957 [main] INFO  c.a.d.s.b.a.DruidDataSourceAutoConfigure - Init DruidDataSource
2020-04-05 14:02:13.171 [main] INFO  com.alibaba.druid.pool.DruidDataSource - {dataSource-1} inited
2020-04-05 14:02:14.733 [main] INFO  com.quan.crud.util.RabbitMq - Started RabbitMq in 3.54 seconds (JVM running for 4.558)
2020-04-05 14:02:16.751 [SpringContextShutdownHook] INFO  com.alibaba.druid.pool.DruidDataSource - {dataSource-1} closed
2020-04-05 14:03:21.982 [main] INFO  com.quan.crud.util.RabbitMq - Starting RabbitMq on 192.168.0.101 with PID 11778 (started by xiaoquan in /Users/xiaoquan/IdeaProjects/CrudDemo)
2020-04-05 14:03:21.985 [main] INFO  com.quan.crud.util.RabbitMq - No active profile set, falling back to default profiles: default
2020-04-05 14:03:23.827 [main] INFO  c.a.d.s.b.a.DruidDataSourceAutoConfigure - Init DruidDataSource
2020-04-05 14:03:24.054 [main] INFO  com.alibaba.druid.pool.DruidDataSource - {dataSource-1} inited
2020-04-05 14:03:25.665 [main] INFO  com.quan.crud.util.RabbitMq - Started RabbitMq in 4.01 seconds (JVM running for 5.008)
2020-04-05 14:03:27.694 [SpringContextShutdownHook] INFO  com.alibaba.druid.pool.DruidDataSource - {dataSource-1} closed
2020-04-05 14:03:46.007 [SpringContextShutdownHook] INFO  com.alibaba.druid.pool.DruidDataSource - {dataSource-1} closed
2020-04-05 14:03:55.495 [main] INFO  com.quan.crud.util.RabbitMq - Starting RabbitMq on 192.168.0.101 with PID 11794 (started by xiaoquan in /Users/xiaoquan/IdeaProjects/CrudDemo)
2020-04-05 14:03:55.499 [main] INFO  com.quan.crud.util.RabbitMq - No active profile set, falling back to default profiles: default
2020-04-05 14:03:57.103 [main] INFO  c.a.d.s.b.a.DruidDataSourceAutoConfigure - Init DruidDataSource
2020-04-05 14:03:57.324 [main] INFO  com.alibaba.druid.pool.DruidDataSource - {dataSource-1} inited
2020-04-05 14:03:59.154 [main] INFO  com.quan.crud.util.RabbitMq - Started RabbitMq in 4.016 seconds (JVM running for 5.047)
2020-04-05 14:04:00.459 [SpringContextShutdownHook] INFO  com.alibaba.druid.pool.DruidDataSource - {dataSource-1} closed
2020-04-05 14:04:44.714 [main] INFO  com.quan.crud.util.RabbitMq - Starting RabbitMq on 192.168.0.101 with PID 11814 (started by xiaoquan in /Users/xiaoquan/IdeaProjects/CrudDemo)
2020-04-05 14:04:44.717 [main] INFO  com.quan.crud.util.RabbitMq - No active profile set, falling back to default profiles: default
2020-04-05 14:04:46.154 [main] INFO  c.a.d.s.b.a.DruidDataSourceAutoConfigure - Init DruidDataSource
2020-04-05 14:04:46.350 [main] INFO  com.alibaba.druid.pool.DruidDataSource - {dataSource-1} inited
2020-04-05 14:04:47.892 [main] INFO  com.quan.crud.util.RabbitMq - Started RabbitMq in 3.513 seconds (JVM running for 4.546)
2020-04-05 14:04:49.160 [SpringContextShutdownHook] INFO  com.alibaba.druid.pool.DruidDataSource - {dataSource-1} closed
