[INFO] [16:15:34.970] [JavaFX Application Thread] [] com.zzg.mybatis.generator.util.ConnectionManager.getConnection:20 --> database FilePath :/Users/xiaoquan/IdeaProjects/CrudDemo/src/main/resources/mybatis-auto-ui/./config/sqlite3.db
[INFO] [16:16:21.527] [JavaFX Application Thread] [] com.zzg.mybatis.generator.util.ConnectionManager.getConnection:20 --> database FilePath :/Users/xiaoquan/IdeaProjects/CrudDemo/src/main/resources/mybatis-auto-ui/./config/sqlite3.db
[INFO] [16:16:26.065] [JavaFX Application Thread] [] com.zzg.mybatis.generator.util.ConnectionManager.getConnection:20 --> database FilePath :/Users/xiaoquan/IdeaProjects/CrudDemo/src/main/resources/mybatis-auto-ui/./config/sqlite3.db
[INFO] [16:16:26.065] [JavaFX Application Thread] [] com.zzg.mybatis.generator.util.ConfigHelper.loadGeneratorConfigs:182 --> sql: SELECT * FROM generator_config
[INFO] [16:16:33.363] [JavaFX Application Thread] [] com.zzg.mybatis.generator.util.ConfigHelper.getAllJDBCDriverJarPaths:238 --> jar lib path: /Users/xiaoquan/IdeaProjects/CrudDemo/src/main/resources/mybatis-auto-ui/lib
[INFO] [16:16:33.364] [JavaFX Application Thread] [] com.zzg.mybatis.generator.util.ConfigHelper.getAllJDBCDriverJarPaths:242 --> jar file: /Users/xiaoquan/IdeaProjects/CrudDemo/src/main/resources/mybatis-auto-ui/lib/sqlite-jdbc-3.8.11.2.jar
[INFO] [16:16:33.364] [JavaFX Application Thread] [] com.zzg.mybatis.generator.util.ConfigHelper.getAllJDBCDriverJarPaths:242 --> jar file: /Users/xiaoquan/IdeaProjects/CrudDemo/src/main/resources/mybatis-auto-ui/lib/mysql-connector-java-5.1.38.jar
[INFO] [16:16:33.364] [JavaFX Application Thread] [] com.zzg.mybatis.generator.util.ConfigHelper.getAllJDBCDriverJarPaths:242 --> jar file: /Users/xiaoquan/IdeaProjects/CrudDemo/src/main/resources/mybatis-auto-ui/lib/logback-classic-1.1.2.jar
[INFO] [16:16:33.365] [JavaFX Application Thread] [] com.zzg.mybatis.generator.util.ConfigHelper.getAllJDBCDriverJarPaths:242 --> jar file: /Users/xiaoquan/IdeaProjects/CrudDemo/src/main/resources/mybatis-auto-ui/lib/mybatis-generator-lombok-plugin-1.0.jar
[INFO] [16:16:33.365] [JavaFX Application Thread] [] com.zzg.mybatis.generator.util.ConfigHelper.getAllJDBCDriverJarPaths:242 --> jar file: /Users/xiaoquan/IdeaProjects/CrudDemo/src/main/resources/mybatis-auto-ui/lib/commons-logging-1.1.1.jar
[INFO] [16:16:33.365] [JavaFX Application Thread] [] com.zzg.mybatis.generator.util.ConfigHelper.getAllJDBCDriverJarPaths:242 --> jar file: /Users/xiaoquan/IdeaProjects/CrudDemo/src/main/resources/mybatis-auto-ui/lib/mybatis-generator-core-1.3.6.jar
[INFO] [16:16:33.365] [JavaFX Application Thread] [] com.zzg.mybatis.generator.util.ConfigHelper.getAllJDBCDriverJarPaths:242 --> jar file: /Users/xiaoquan/IdeaProjects/CrudDemo/src/main/resources/mybatis-auto-ui/lib/junit-4.12.jar
[INFO] [16:16:33.366] [JavaFX Application Thread] [] com.zzg.mybatis.generator.util.ConfigHelper.getAllJDBCDriverJarPaths:242 --> jar file: /Users/xiaoquan/IdeaProjects/CrudDemo/src/main/resources/mybatis-auto-ui/lib/slf4j-api-1.7.25.jar
[INFO] [16:16:33.366] [JavaFX Application Thread] [] com.zzg.mybatis.generator.util.ConfigHelper.getAllJDBCDriverJarPaths:242 --> jar file: /Users/xiaoquan/IdeaProjects/CrudDemo/src/main/resources/mybatis-auto-ui/lib/fastjson-1.2.7.jar
[INFO] [16:16:33.367] [JavaFX Application Thread] [] com.zzg.mybatis.generator.util.ConfigHelper.getAllJDBCDriverJarPaths:242 --> jar file: /Users/xiaoquan/IdeaProjects/CrudDemo/src/main/resources/mybatis-auto-ui/lib/sqljdbc4-4.0.jar
[INFO] [16:16:33.367] [JavaFX Application Thread] [] com.zzg.mybatis.generator.util.ConfigHelper.getAllJDBCDriverJarPaths:242 --> jar file: /Users/xiaoquan/IdeaProjects/CrudDemo/src/main/resources/mybatis-auto-ui/lib/sqlite-jdbc-3.19.3.jar
[INFO] [16:16:33.369] [JavaFX Application Thread] [] com.zzg.mybatis.generator.util.ConfigHelper.getAllJDBCDriverJarPaths:242 --> jar file: /Users/xiaoquan/IdeaProjects/CrudDemo/src/main/resources/mybatis-auto-ui/lib/commons-io-2.5.jar
[INFO] [16:16:33.370] [JavaFX Application Thread] [] com.zzg.mybatis.generator.util.ConfigHelper.getAllJDBCDriverJarPaths:242 --> jar file: /Users/xiaoquan/IdeaProjects/CrudDemo/src/main/resources/mybatis-auto-ui/lib/hamcrest-core-1.3.jar
[INFO] [16:16:33.370] [JavaFX Application Thread] [] com.zzg.mybatis.generator.util.ConfigHelper.getAllJDBCDriverJarPaths:242 --> jar file: /Users/xiaoquan/IdeaProjects/CrudDemo/src/main/resources/mybatis-auto-ui/lib/commons-collections-3.2.1.jar
[INFO] [16:16:33.370] [JavaFX Application Thread] [] com.zzg.mybatis.generator.util.ConfigHelper.getAllJDBCDriverJarPaths:242 --> jar file: /Users/xiaoquan/IdeaProjects/CrudDemo/src/main/resources/mybatis-auto-ui/lib/jsch-0.1.54.jar
[INFO] [16:16:33.372] [JavaFX Application Thread] [] com.zzg.mybatis.generator.util.ConfigHelper.getAllJDBCDriverJarPaths:242 --> jar file: /Users/xiaoquan/IdeaProjects/CrudDemo/src/main/resources/mybatis-auto-ui/lib/postgresql-9.4.1209.jar
[INFO] [16:16:33.372] [JavaFX Application Thread] [] com.zzg.mybatis.generator.util.ConfigHelper.getAllJDBCDriverJarPaths:242 --> jar file: /Users/xiaoquan/IdeaProjects/CrudDemo/src/main/resources/mybatis-auto-ui/lib/ojdbc6.jar
[INFO] [16:16:33.372] [JavaFX Application Thread] [] com.zzg.mybatis.generator.util.ConfigHelper.getAllJDBCDriverJarPaths:242 --> jar file: /Users/xiaoquan/IdeaProjects/CrudDemo/src/main/resources/mybatis-auto-ui/lib/commons-beanutils-1.9.2.jar
[INFO] [16:16:33.372] [JavaFX Application Thread] [] com.zzg.mybatis.generator.util.ConfigHelper.getAllJDBCDriverJarPaths:242 --> jar file: /Users/xiaoquan/IdeaProjects/CrudDemo/src/main/resources/mybatis-auto-ui/lib/commons-lang3-3.4.jar
[INFO] [16:16:33.374] [JavaFX Application Thread] [] com.zzg.mybatis.generator.util.ConfigHelper.getAllJDBCDriverJarPaths:242 --> jar file: /Users/xiaoquan/IdeaProjects/CrudDemo/src/main/resources/mybatis-auto-ui/lib/mysql-connector-java-8.0.11.jar
[INFO] [16:16:33.374] [JavaFX Application Thread] [] com.zzg.mybatis.generator.util.ConfigHelper.getAllJDBCDriverJarPaths:242 --> jar file: /Users/xiaoquan/IdeaProjects/CrudDemo/src/main/resources/mybatis-auto-ui/lib/logback-core-1.1.2.jar
[INFO] [16:16:33.399] [JavaFX Application Thread] [] com.zzg.mybatis.generator.util.DbUtil.loadDbDriver:222 --> load driver class: com.mysql.cj.jdbc.Driver@65231fa2
[INFO] [16:16:33.401] [JavaFX Application Thread] [] com.zzg.mybatis.generator.util.DbUtil.getConnectionUrlWithSchema:208 --> getConnectionUrlWithSchema, connection url: jdbc:mysql://127.0.0.1:3306/efms?serverTimezone=UTC&useUnicode=true&useSSL=false&characterEncoding=utf8
[ERROR] [16:16:33.592] [JavaFX Application Thread] [] com.zzg.mybatis.generator.controller.MainUIController.lambda$null$7:209 --> Access denied for user 'root'@'localhost' (using password: YES)
java.sql.SQLException: Access denied for user 'root'@'localhost' (using password: YES)
	at com.mysql.cj.jdbc.exceptions.SQLError.createSQLException(SQLError.java:127) ~[na:na]
	at com.mysql.cj.jdbc.exceptions.SQLError.createSQLException(SQLError.java:95) ~[na:na]
	at com.mysql.cj.jdbc.exceptions.SQLExceptionsMapping.translateException(SQLExceptionsMapping.java:122) ~[na:na]
	at com.mysql.cj.jdbc.ConnectionImpl.createNewIO(ConnectionImpl.java:862) ~[na:na]
	at com.mysql.cj.jdbc.ConnectionImpl.<init>(ConnectionImpl.java:444) ~[na:na]
	at com.mysql.cj.jdbc.ConnectionImpl.getInstance(ConnectionImpl.java:230) ~[na:na]
	at com.mysql.cj.jdbc.NonRegisteringDriver.connect(NonRegisteringDriver.java:226) ~[na:na]
	at com.zzg.mybatis.generator.util.DbUtil.getConnection(DbUtil.java:132) ~[mybatis-generator-gui.jar:na]
	at com.zzg.mybatis.generator.util.DbUtil.getTableNames(DbUtil.java:140) ~[mybatis-generator-gui.jar:na]
	at com.zzg.mybatis.generator.controller.MainUIController.lambda$null$7(MainUIController.java:191) ~[mybatis-generator-gui.jar:na]
	at com.sun.javafx.event.CompositeEventHandler$NormalEventHandlerRecord.handleBubblingEvent(CompositeEventHandler.java:218) ~[jfxrt.jar:na]
	at com.sun.javafx.event.CompositeEventHandler.dispatchBubblingEvent(CompositeEventHandler.java:80) ~[jfxrt.jar:na]
	at com.sun.javafx.event.EventHandlerManager.dispatchBubblingEvent(EventHandlerManager.java:238) ~[jfxrt.jar:na]
	at com.sun.javafx.event.EventHandlerManager.dispatchBubblingEvent(EventHandlerManager.java:191) ~[jfxrt.jar:na]
	at com.sun.javafx.event.CompositeEventDispatcher.dispatchBubblingEvent(CompositeEventDispatcher.java:59) ~[jfxrt.jar:na]
	at com.sun.javafx.event.BasicEventDispatcher.dispatchEvent(BasicEventDispatcher.java:58) ~[jfxrt.jar:na]
	at com.sun.javafx.event.EventDispatchChainImpl.dispatchEvent(EventDispatchChainImpl.java:114) ~[jfxrt.jar:na]
	at com.sun.javafx.event.BasicEventDispatcher.dispatchEvent(BasicEventDispatcher.java:56) ~[jfxrt.jar:na]
	at com.sun.javafx.event.EventDispatchChainImpl.dispatchEvent(EventDispatchChainImpl.java:114) ~[jfxrt.jar:na]
	at com.sun.javafx.event.BasicEventDispatcher.dispatchEvent(BasicEventDispatcher.java:56) ~[jfxrt.jar:na]
	at com.sun.javafx.event.EventDispatchChainImpl.dispatchEvent(EventDispatchChainImpl.java:114) ~[jfxrt.jar:na]
	at com.sun.javafx.event.BasicEventDispatcher.dispatchEvent(BasicEventDispatcher.java:56) ~[jfxrt.jar:na]
	at com.sun.javafx.event.EventDispatchChainImpl.dispatchEvent(EventDispatchChainImpl.java:114) ~[jfxrt.jar:na]
	at com.sun.javafx.event.BasicEventDispatcher.dispatchEvent(BasicEventDispatcher.java:56) ~[jfxrt.jar:na]
	at com.sun.javafx.event.EventDispatchChainImpl.dispatchEvent(EventDispatchChainImpl.java:114) ~[jfxrt.jar:na]
	at com.sun.javafx.event.BasicEventDispatcher.dispatchEvent(BasicEventDispatcher.java:56) ~[jfxrt.jar:na]
	at com.sun.javafx.event.EventDispatchChainImpl.dispatchEvent(EventDispatchChainImpl.java:114) ~[jfxrt.jar:na]
	at com.sun.javafx.event.EventUtil.fireEventImpl(EventUtil.java:74) ~[jfxrt.jar:na]
	at com.sun.javafx.event.EventUtil.fireEvent(EventUtil.java:54) ~[jfxrt.jar:na]
	at javafx.event.Event.fireEvent(Event.java:198) ~[jfxrt.jar:na]
	at javafx.scene.Scene$ClickGenerator.postProcess(Scene.java:3470) ~[jfxrt.jar:na]
	at javafx.scene.Scene$ClickGenerator.access$8100(Scene.java:3398) ~[jfxrt.jar:na]
	at javafx.scene.Scene$MouseHandler.process(Scene.java:3766) ~[jfxrt.jar:na]
	at javafx.scene.Scene$MouseHandler.access$1500(Scene.java:3485) ~[jfxrt.jar:na]
	at javafx.scene.Scene.impl_processMouseEvent(Scene.java:1762) ~[jfxrt.jar:na]
	at javafx.scene.Scene$ScenePeerListener.mouseEvent(Scene.java:2494) ~[jfxrt.jar:na]
	at com.sun.javafx.tk.quantum.GlassViewEventHandler$MouseEventNotification.run(GlassViewEventHandler.java:394) ~[jfxrt.jar:na]
	at com.sun.javafx.tk.quantum.GlassViewEventHandler$MouseEventNotification.run(GlassViewEventHandler.java:295) ~[jfxrt.jar:na]
	at java.security.AccessController.doPrivileged(Native Method) ~[na:1.8.0_241]
	at com.sun.javafx.tk.quantum.GlassViewEventHandler.lambda$handleMouseEvent$2(GlassViewEventHandler.java:432) ~[jfxrt.jar:na]
	at com.sun.javafx.tk.quantum.QuantumToolkit.runWithoutRenderLock(QuantumToolkit.java:410) ~[jfxrt.jar:na]
	at com.sun.javafx.tk.quantum.GlassViewEventHandler.handleMouseEvent(GlassViewEventHandler.java:431) ~[jfxrt.jar:na]
	at com.sun.glass.ui.View.handleMouseEvent(View.java:555) ~[jfxrt.jar:na]
	at com.sun.glass.ui.View.notifyMouse(View.java:937) ~[jfxrt.jar:na]
[INFO] [16:17:29.818] [JavaFX Application Thread] [] com.zzg.mybatis.generator.util.DbUtil.getConnectionUrlWithSchema:208 --> getConnectionUrlWithSchema, connection url: jdbc:mysql://localhost:3306/cruddemo?serverTimezone=UTC&useUnicode=true&useSSL=false&characterEncoding=utf8
[INFO] [16:17:29.852] [JavaFX Application Thread] [] com.zzg.mybatis.generator.util.DbUtil.getConnection:133 --> getConnection, connection url: com.mysql.cj.jdbc.ConnectionImpl@6553df00
[INFO] [16:17:33.525] [JavaFX Application Thread] [] com.zzg.mybatis.generator.util.ConnectionManager.getConnection:20 --> database FilePath :/Users/xiaoquan/IdeaProjects/CrudDemo/src/main/resources/mybatis-auto-ui/./config/sqlite3.db
[INFO] [16:17:33.578] [JavaFX Application Thread] [] com.zzg.mybatis.generator.util.ConnectionManager.getConnection:20 --> database FilePath :/Users/xiaoquan/IdeaProjects/CrudDemo/src/main/resources/mybatis-auto-ui/./config/sqlite3.db
[INFO] [16:17:35.413] [JavaFX Application Thread] [] com.zzg.mybatis.generator.util.DbUtil.getConnectionUrlWithSchema:208 --> getConnectionUrlWithSchema, connection url: jdbc:mysql://localhost:3306/cruddemo?serverTimezone=UTC&useUnicode=true&useSSL=false&characterEncoding=utf8
[INFO] [16:17:35.419] [JavaFX Application Thread] [] com.zzg.mybatis.generator.util.DbUtil.getConnection:133 --> getConnection, connection url: com.mysql.cj.jdbc.ConnectionImpl@5cf60ccf
[INFO] [16:20:15.638] [JavaFX Application Thread] [] com.zzg.mybatis.generator.util.ConfigHelper.findConnectorLibPath:215 --> jar resource: jar:file:/Users/xiaoquan/IdeaProjects/CrudDemo/src/main/resources/mybatis-auto-ui/mybatis-generator-gui.jar!/logback.xml
[INFO] [16:20:15.640] [JavaFX Application Thread] [] com.zzg.mybatis.generator.bridge.MybatisGeneratorBridge.generate:66 --> connectorLibPath: /Users/xiaoquan/IdeaProjects/CrudDemo/src/main/resources/mybatis-auto-ui/lib/mysql-connector-java-8.0.11.jar
[INFO] [16:20:15.642] [JavaFX Application Thread] [] com.zzg.mybatis.generator.util.DbUtil.getConnectionUrlWithSchema:208 --> getConnectionUrlWithSchema, connection url: jdbc:mysql://localhost:3306/cruddemo?serverTimezone=UTC&useUnicode=true&useSSL=false&characterEncoding=utf8
[DEBUG] [16:20:15.836] [JavaFX Application Thread] [] org.mybatis.generator.logging.LogFactory.setImplementation:105 --> Logging initialized using 'org.mybatis.generator.logging.slf4j.Slf4jLoggingLogFactory@15c2d3d' adapter.
[DEBUG] [16:20:15.838] [JavaFX Application Thread] [] org.mybatis.generator.internal.db.DatabaseIntrospector.getColumns:506 --> Retrieving column information for table "cruddemo.User"
[DEBUG] [16:20:15.866] [JavaFX Application Thread] [] org.mybatis.generator.internal.db.DatabaseIntrospector.getColumns:563 --> Found column "ID", data type 4, in table "cruddemo..User"
[DEBUG] [16:20:15.866] [JavaFX Application Thread] [] org.mybatis.generator.internal.db.DatabaseIntrospector.getColumns:563 --> Found column "Name", data type 12, in table "cruddemo..User"
[DEBUG] [16:20:15.867] [JavaFX Application Thread] [] org.mybatis.generator.internal.db.DatabaseIntrospector.getColumns:563 --> Found column "Password", data type 12, in table "cruddemo..User"
[INFO] [16:21:21.338] [JavaFX Application Thread] [] com.zzg.mybatis.generator.util.ConfigHelper.findConnectorLibPath:215 --> jar resource: jar:file:/Users/xiaoquan/IdeaProjects/CrudDemo/src/main/resources/mybatis-auto-ui/mybatis-generator-gui.jar!/logback.xml
[INFO] [16:21:21.340] [JavaFX Application Thread] [] com.zzg.mybatis.generator.bridge.MybatisGeneratorBridge.generate:66 --> connectorLibPath: /Users/xiaoquan/IdeaProjects/CrudDemo/src/main/resources/mybatis-auto-ui/lib/mysql-connector-java-8.0.11.jar
[INFO] [16:21:21.340] [JavaFX Application Thread] [] com.zzg.mybatis.generator.util.DbUtil.getConnectionUrlWithSchema:208 --> getConnectionUrlWithSchema, connection url: jdbc:mysql://localhost:3306/cruddemo?serverTimezone=UTC&useUnicode=true&useSSL=false&characterEncoding=utf8
[DEBUG] [16:21:21.458] [JavaFX Application Thread] [] org.mybatis.generator.internal.db.DatabaseIntrospector.getColumns:506 --> Retrieving column information for table "cruddemo.User"
[DEBUG] [16:21:21.488] [JavaFX Application Thread] [] org.mybatis.generator.internal.db.DatabaseIntrospector.getColumns:563 --> Found column "ID", data type 4, in table "cruddemo..User"
[DEBUG] [16:21:21.489] [JavaFX Application Thread] [] org.mybatis.generator.internal.db.DatabaseIntrospector.getColumns:563 --> Found column "Name", data type 12, in table "cruddemo..User"
[DEBUG] [16:21:21.489] [JavaFX Application Thread] [] org.mybatis.generator.internal.db.DatabaseIntrospector.getColumns:563 --> Found column "Password", data type 12, in table "cruddemo..User"
